[2025-08-07 18:19:48,259] multiqc                                            [DEBUG  ]  This is MultiQC v1.19
[2025-08-07 18:19:48,261] multiqc                                            [DEBUG  ]  Command used: /Users/cab565/anaconda3/bin/multiqc Neg1_R1_fastqc.html Neg1_R1_fastqc.zip Neg1_R2_fastqc.html Neg1_R2_fastqc.zip Neg2_R1_fastqc.html Neg2_R1_fastqc.zip Neg2_R2_fastqc.html Neg2_R2_fastqc.zip SRR5331678_R1_fastqc.html SRR5331678_R1_fastqc.zip SRR5331678_R2_fastqc.html SRR5331678_R2_fastqc.zip SRR5331679_R1_fastqc.html SRR5331679_R1_fastqc.zip SRR5331679_R2_fastqc.html SRR5331679_R2_fastqc.zip SRR5331680_R1_fastqc.html SRR5331680_R1_fastqc.zip SRR5331680_R2_fastqc.html SRR5331680_R2_fastqc.zip SRR5331681_R1_fastqc.html SRR5331681_R1_fastqc.zip SRR5331681_R2_fastqc.html SRR5331681_R2_fastqc.zip SRR5331682_R1_fastqc.html SRR5331682_R1_fastqc.zip SRR5331682_R2_fastqc.html SRR5331682_R2_fastqc.zip SRR5331683_R1_fastqc.html SRR5331683_R1_fastqc.zip SRR5331683_R2_fastqc.html SRR5331683_R2_fastqc.zip SRR5331684_R1_fastqc.html SRR5331684_R1_fastqc.zip SRR5331684_R2_fastqc.html SRR5331684_R2_fastqc.zip SRR5331685_R1_fastqc.html SRR5331685_R1_fastqc.zip SRR5331685_R2_fastqc.html SRR5331685_R2_fastqc.zip SRR5331686_R1_fastqc.html SRR5331686_R1_fastqc.zip SRR5331686_R2_fastqc.html SRR5331686_R2_fastqc.zip SRR5331687_R1_fastqc.html SRR5331687_R1_fastqc.zip SRR5331687_R2_fastqc.html SRR5331687_R2_fastqc.zip SRR5331688_R1_fastqc.html SRR5331688_R1_fastqc.zip SRR5331688_R2_fastqc.html SRR5331688_R2_fastqc.zip SRR5331689_R1_fastqc.html SRR5331689_R1_fastqc.zip SRR5331689_R2_fastqc.html SRR5331689_R2_fastqc.zip
[2025-08-07 18:19:48,864] multiqc                                            [WARNING]  MultiQC Version v1.30 now available!
[2025-08-07 18:19:48,865] multiqc                                            [DEBUG  ]  Working dir : /Users/cab565/Documents/Angert/data/01_DADA2/fastqc
[2025-08-07 18:19:48,865] multiqc                                            [DEBUG  ]  Template    : default
[2025-08-07 18:19:48,865] multiqc                                            [DEBUG  ]  Running Python 3.11.5 (main, Sep 11 2023, 08:19:27) [Clang 14.0.6 ]
[2025-08-07 18:19:48,866] multiqc                                            [DEBUG  ]  Analysing modules: custom_content, ccs, ngsderive, purple, conpair, lima, peddy, somalier, methylQA, mosdepth, phantompeakqualtools, qualimap, preseq, hifiasm, quast, qorts, rna_seqc, rockhopper, rsem, rseqc, busco, bustools, goleft_indexcov, gffcompare, disambiguate, supernova, deeptools, sargasso, verifybamid, mirtrace, happy, mirtop, sambamba, gopeaks, homer, hops, macs2, theta2, snpeff, gatk, htseq, bcftools, featureCounts, fgbio, dragen, dragen_fastqc, dedup, pbmarkdup, damageprofiler, mapdamage, biobambam2, jcvi, mtnucratio, picard, vep, bakta, prokka, qc3C, nanostat, samblaster, samtools, sexdeterrmine, seqera_cli, eigenstratdatabasetools, bamtools, jellyfish, vcftools, longranger, stacks, varscan2, snippy, umitools, truvari, bbmap, bismark, biscuit, diamond, hicexplorer, hicup, hicpro, salmon, kallisto, slamdunk, star, hisat2, tophat, bowtie2, bowtie1, cellranger, snpsplit, odgi, pangolin, nextclade, freyja, humid, kat, leehom, librarian, adapterRemoval, bbduk, clipandmerge, cutadapt, flexbar, sourmash, kaiju, bracken, kraken, malt, motus, trimmomatic, sickle, skewer, sortmerna, biobloomtools, fastq_screen, afterqc, fastp, fastqc, filtlong, prinseqplusplus, pychopper, porechop, pycoqc, minionqc, anglerfish, multivcfanalyzer, clusterflow, checkqc, bcl2fastq, bclconvert, interop, ivar, flash, seqyclean, optitype, whatshap, xenome, xengsort
[2025-08-07 18:19:48,867] multiqc                                            [DEBUG  ]  Using temporary directory for creating report: /var/folders/zh/qqf5vb3s49g35qpbb9jzptdsy2yxrq/T/tmpan3mz4c9
[2025-08-07 18:19:48,870] multiqc                                            [INFO   ]  Search path : /Users/cab565/Documents/Angert/data/01_DADA2/fastqc/Neg1_R1_fastqc.html
[2025-08-07 18:19:48,871] multiqc                                            [INFO   ]  Search path : /Users/cab565/Documents/Angert/data/01_DADA2/fastqc/Neg1_R1_fastqc.zip
[2025-08-07 18:19:48,872] multiqc                                            [INFO   ]  Search path : /Users/cab565/Documents/Angert/data/01_DADA2/fastqc/Neg1_R2_fastqc.html
[2025-08-07 18:19:48,873] multiqc                                            [INFO   ]  Search path : /Users/cab565/Documents/Angert/data/01_DADA2/fastqc/Neg1_R2_fastqc.zip
[2025-08-07 18:19:48,873] multiqc                                            [INFO   ]  Search path : /Users/cab565/Documents/Angert/data/01_DADA2/fastqc/Neg2_R1_fastqc.html
[2025-08-07 18:19:48,873] multiqc                                            [INFO   ]  Search path : /Users/cab565/Documents/Angert/data/01_DADA2/fastqc/Neg2_R1_fastqc.zip
[2025-08-07 18:19:48,874] multiqc                                            [INFO   ]  Search path : /Users/cab565/Documents/Angert/data/01_DADA2/fastqc/Neg2_R2_fastqc.html
[2025-08-07 18:19:48,874] multiqc                                            [INFO   ]  Search path : /Users/cab565/Documents/Angert/data/01_DADA2/fastqc/Neg2_R2_fastqc.zip
[2025-08-07 18:19:48,874] multiqc                                            [INFO   ]  Search path : /Users/cab565/Documents/Angert/data/01_DADA2/fastqc/SRR5331678_R1_fastqc.html
[2025-08-07 18:19:48,874] multiqc                                            [INFO   ]  Search path : /Users/cab565/Documents/Angert/data/01_DADA2/fastqc/SRR5331678_R1_fastqc.zip
[2025-08-07 18:19:48,875] multiqc                                            [INFO   ]  Search path : /Users/cab565/Documents/Angert/data/01_DADA2/fastqc/SRR5331678_R2_fastqc.html
[2025-08-07 18:19:48,875] multiqc                                            [INFO   ]  Search path : /Users/cab565/Documents/Angert/data/01_DADA2/fastqc/SRR5331678_R2_fastqc.zip
[2025-08-07 18:19:48,875] multiqc                                            [INFO   ]  Search path : /Users/cab565/Documents/Angert/data/01_DADA2/fastqc/SRR5331679_R1_fastqc.html
[2025-08-07 18:19:48,876] multiqc                                            [INFO   ]  Search path : /Users/cab565/Documents/Angert/data/01_DADA2/fastqc/SRR5331679_R1_fastqc.zip
[2025-08-07 18:19:48,876] multiqc                                            [INFO   ]  Search path : /Users/cab565/Documents/Angert/data/01_DADA2/fastqc/SRR5331679_R2_fastqc.html
[2025-08-07 18:19:48,876] multiqc                                            [INFO   ]  Search path : /Users/cab565/Documents/Angert/data/01_DADA2/fastqc/SRR5331679_R2_fastqc.zip
[2025-08-07 18:19:48,877] multiqc                                            [INFO   ]  Search path : /Users/cab565/Documents/Angert/data/01_DADA2/fastqc/SRR5331680_R1_fastqc.html
[2025-08-07 18:19:48,877] multiqc                                            [INFO   ]  Search path : /Users/cab565/Documents/Angert/data/01_DADA2/fastqc/SRR5331680_R1_fastqc.zip
[2025-08-07 18:19:48,878] multiqc                                            [INFO   ]  Search path : /Users/cab565/Documents/Angert/data/01_DADA2/fastqc/SRR5331680_R2_fastqc.html
[2025-08-07 18:19:48,878] multiqc                                            [INFO   ]  Search path : /Users/cab565/Documents/Angert/data/01_DADA2/fastqc/SRR5331680_R2_fastqc.zip
[2025-08-07 18:19:48,879] multiqc                                            [INFO   ]  Search path : /Users/cab565/Documents/Angert/data/01_DADA2/fastqc/SRR5331681_R1_fastqc.html
[2025-08-07 18:19:48,879] multiqc                                            [INFO   ]  Search path : /Users/cab565/Documents/Angert/data/01_DADA2/fastqc/SRR5331681_R1_fastqc.zip
[2025-08-07 18:19:48,880] multiqc                                            [INFO   ]  Search path : /Users/cab565/Documents/Angert/data/01_DADA2/fastqc/SRR5331681_R2_fastqc.html
[2025-08-07 18:19:48,880] multiqc                                            [INFO   ]  Search path : /Users/cab565/Documents/Angert/data/01_DADA2/fastqc/SRR5331681_R2_fastqc.zip
[2025-08-07 18:19:48,880] multiqc                                            [INFO   ]  Search path : /Users/cab565/Documents/Angert/data/01_DADA2/fastqc/SRR5331682_R1_fastqc.html
[2025-08-07 18:19:48,881] multiqc                                            [INFO   ]  Search path : /Users/cab565/Documents/Angert/data/01_DADA2/fastqc/SRR5331682_R1_fastqc.zip
[2025-08-07 18:19:48,881] multiqc                                            [INFO   ]  Search path : /Users/cab565/Documents/Angert/data/01_DADA2/fastqc/SRR5331682_R2_fastqc.html
[2025-08-07 18:19:48,881] multiqc                                            [INFO   ]  Search path : /Users/cab565/Documents/Angert/data/01_DADA2/fastqc/SRR5331682_R2_fastqc.zip
[2025-08-07 18:19:48,882] multiqc                                            [INFO   ]  Search path : /Users/cab565/Documents/Angert/data/01_DADA2/fastqc/SRR5331683_R1_fastqc.html
[2025-08-07 18:19:48,882] multiqc                                            [INFO   ]  Search path : /Users/cab565/Documents/Angert/data/01_DADA2/fastqc/SRR5331683_R1_fastqc.zip
[2025-08-07 18:19:48,882] multiqc                                            [INFO   ]  Search path : /Users/cab565/Documents/Angert/data/01_DADA2/fastqc/SRR5331683_R2_fastqc.html
[2025-08-07 18:19:48,882] multiqc                                            [INFO   ]  Search path : /Users/cab565/Documents/Angert/data/01_DADA2/fastqc/SRR5331683_R2_fastqc.zip
[2025-08-07 18:19:48,882] multiqc                                            [INFO   ]  Search path : /Users/cab565/Documents/Angert/data/01_DADA2/fastqc/SRR5331684_R1_fastqc.html
[2025-08-07 18:19:48,882] multiqc                                            [INFO   ]  Search path : /Users/cab565/Documents/Angert/data/01_DADA2/fastqc/SRR5331684_R1_fastqc.zip
[2025-08-07 18:19:48,882] multiqc                                            [INFO   ]  Search path : /Users/cab565/Documents/Angert/data/01_DADA2/fastqc/SRR5331684_R2_fastqc.html
[2025-08-07 18:19:48,883] multiqc                                            [INFO   ]  Search path : /Users/cab565/Documents/Angert/data/01_DADA2/fastqc/SRR5331684_R2_fastqc.zip
[2025-08-07 18:19:48,883] multiqc                                            [INFO   ]  Search path : /Users/cab565/Documents/Angert/data/01_DADA2/fastqc/SRR5331685_R1_fastqc.html
[2025-08-07 18:19:48,884] multiqc                                            [INFO   ]  Search path : /Users/cab565/Documents/Angert/data/01_DADA2/fastqc/SRR5331685_R1_fastqc.zip
[2025-08-07 18:19:48,884] multiqc                                            [INFO   ]  Search path : /Users/cab565/Documents/Angert/data/01_DADA2/fastqc/SRR5331685_R2_fastqc.html
[2025-08-07 18:19:48,884] multiqc                                            [INFO   ]  Search path : /Users/cab565/Documents/Angert/data/01_DADA2/fastqc/SRR5331685_R2_fastqc.zip
[2025-08-07 18:19:48,885] multiqc                                            [INFO   ]  Search path : /Users/cab565/Documents/Angert/data/01_DADA2/fastqc/SRR5331686_R1_fastqc.html
[2025-08-07 18:19:48,885] multiqc                                            [INFO   ]  Search path : /Users/cab565/Documents/Angert/data/01_DADA2/fastqc/SRR5331686_R1_fastqc.zip
[2025-08-07 18:19:48,885] multiqc                                            [INFO   ]  Search path : /Users/cab565/Documents/Angert/data/01_DADA2/fastqc/SRR5331686_R2_fastqc.html
[2025-08-07 18:19:48,885] multiqc                                            [INFO   ]  Search path : /Users/cab565/Documents/Angert/data/01_DADA2/fastqc/SRR5331686_R2_fastqc.zip
[2025-08-07 18:19:48,886] multiqc                                            [INFO   ]  Search path : /Users/cab565/Documents/Angert/data/01_DADA2/fastqc/SRR5331687_R1_fastqc.html
[2025-08-07 18:19:48,886] multiqc                                            [INFO   ]  Search path : /Users/cab565/Documents/Angert/data/01_DADA2/fastqc/SRR5331687_R1_fastqc.zip
[2025-08-07 18:19:48,886] multiqc                                            [INFO   ]  Search path : /Users/cab565/Documents/Angert/data/01_DADA2/fastqc/SRR5331687_R2_fastqc.html
[2025-08-07 18:19:48,886] multiqc                                            [INFO   ]  Search path : /Users/cab565/Documents/Angert/data/01_DADA2/fastqc/SRR5331687_R2_fastqc.zip
[2025-08-07 18:19:48,887] multiqc                                            [INFO   ]  Search path : /Users/cab565/Documents/Angert/data/01_DADA2/fastqc/SRR5331688_R1_fastqc.html
[2025-08-07 18:19:48,887] multiqc                                            [INFO   ]  Search path : /Users/cab565/Documents/Angert/data/01_DADA2/fastqc/SRR5331688_R1_fastqc.zip
[2025-08-07 18:19:48,887] multiqc                                            [INFO   ]  Search path : /Users/cab565/Documents/Angert/data/01_DADA2/fastqc/SRR5331688_R2_fastqc.html
[2025-08-07 18:19:48,888] multiqc                                            [INFO   ]  Search path : /Users/cab565/Documents/Angert/data/01_DADA2/fastqc/SRR5331688_R2_fastqc.zip
[2025-08-07 18:19:48,888] multiqc                                            [INFO   ]  Search path : /Users/cab565/Documents/Angert/data/01_DADA2/fastqc/SRR5331689_R1_fastqc.html
[2025-08-07 18:19:48,888] multiqc                                            [INFO   ]  Search path : /Users/cab565/Documents/Angert/data/01_DADA2/fastqc/SRR5331689_R1_fastqc.zip
[2025-08-07 18:19:48,888] multiqc                                            [INFO   ]  Search path : /Users/cab565/Documents/Angert/data/01_DADA2/fastqc/SRR5331689_R2_fastqc.html
[2025-08-07 18:19:48,888] multiqc                                            [INFO   ]  Search path : /Users/cab565/Documents/Angert/data/01_DADA2/fastqc/SRR5331689_R2_fastqc.zip
[2025-08-07 18:19:49,652] multiqc                                            [DEBUG  ]  Summary of files that were skipped by the search: [skipped_module_specific_max_filesize: 354] // [skipped_no_match: 28]
[2025-08-07 18:19:50,481] multiqc.plots.bargraph                             [DEBUG  ]  Using matplotlib version 3.8.3
[2025-08-07 18:19:50,484] multiqc.plots.linegraph                            [DEBUG  ]  Using matplotlib version 3.8.3
[2025-08-07 18:19:50,486] multiqc                                            [DEBUG  ]  No samples found: custom_content
[2025-08-07 18:19:50,864] multiqc.modules.fastqc.fastqc                      [INFO   ]  Found 28 reports
[2025-08-07 18:19:50,944] multiqc.utils.software_versions                    [DEBUG  ]  Reading software versions from config.software_versions
[2025-08-07 18:19:50,972] multiqc                                            [DEBUG  ]  Compressing plot data
[2025-08-07 18:19:51,267] multiqc                                            [INFO   ]  Report      : multiqc_report.html
[2025-08-07 18:19:51,267] multiqc                                            [INFO   ]  Data        : multiqc_data
[2025-08-07 18:19:51,268] multiqc                                            [DEBUG  ]  Moving data file from '/var/folders/zh/qqf5vb3s49g35qpbb9jzptdsy2yxrq/T/tmpan3mz4c9/multiqc_data' to '/Users/cab565/Documents/Angert/data/01_DADA2/fastqc/multiqc_data'
[2025-08-07 18:19:51,275] multiqc                                            [DEBUG  ]  Full report path: /Users/cab565/Documents/Angert/data/01_DADA2/fastqc/multiqc_report.html
[2025-08-07 18:19:51,493] multiqc                                            [INFO   ]  MultiQC complete
